<?xml version='1.0'?>
<ns2:test-suite xmlns:ns2='urn:model.allure.qatools.yandex.ru' start='1666331070952' stop='1666331122434'>
    <name>open account and approve account</name>
    <title>open account and approve account</title>
    <test-cases>
        <test-case start='1666331070952' status='failed' stop='1666331107183'>
            <name>openAcc</name>
            <title>openAcc</title>
            <labels>
                <label name='language' value='javascript'/>
                <label name='framework' value='wdio'/>
                <label name='thread' value='0-0'/>
            </labels>
            <parameters>
                <parameter kind='argument' name='browser' value='chrome-106.0.5249.119'/>
            </parameters>
            <steps/>
            <attachments>
                <attachment title='Screenshot' source='68d0c5c6-c8e9-46da-83a3-d2c8dec9569c-attachment.png' type='image/png' size='520441'/>
            </attachments>
            <failure>
                <message>expected result is not matching: expected 'applnAlert' to equal 'Application submitted successfully'      
                      actual expected
                      
                      'applnAlertApplication submitted successfully'
                      </message>
                <stack-trace>AssertionError: expected result is not matching: expected 'applnAlert' to equal 'Application submitted successfully'
                    at Context.&lt;anonymous> (C:\Users\Rakshitha\Desktop\wD_RMB\test\specs\CreditCustomerCopy.js:59:29)
                    at process.processTicksAndRejections (node:internal/process/task_queues:95:5)</stack-trace>
            </failure>
        </test-case>
        <test-case start='1666331107183' status='passed' stop='1666331112096'>
            <name>staff login</name>
            <title>staff login</title>
            <labels>
                <label name='language' value='javascript'/>
                <label name='framework' value='wdio'/>
                <label name='thread' value='0-0'/>
            </labels>
            <parameters>
                <parameter kind='argument' name='browser' value='chrome-106.0.5249.119'/>
            </parameters>
            <steps/>
            <attachments/>
        </test-case>
        <test-case start='1666331112097' status='passed' stop='1666331116335'>
            <name>approve account</name>
            <title>approve account</title>
            <labels>
                <label name='language' value='javascript'/>
                <label name='framework' value='wdio'/>
                <label name='thread' value='0-0'/>
            </labels>
            <parameters>
                <parameter kind='argument' name='browser' value='chrome-106.0.5249.119'/>
            </parameters>
            <steps/>
            <attachments/>
        </test-case>
        <test-case start='1666331116335' status='broken' stop='1666331122433'>
            <name>issue credit</name>
            <title>issue credit</title>
            <labels>
                <label name='language' value='javascript'/>
                <label name='framework' value='wdio'/>
                <label name='thread' value='0-0'/>
            </labels>
            <parameters>
                <parameter kind='argument' name='browser' value='chrome-106.0.5249.119'/>
            </parameters>
            <steps/>
            <attachments>
                <attachment title='Screenshot' source='ae0306ea-3c9b-4082-87f9-d67689adeea3-attachment.png' type='image/png' size='48237'/>
            </attachments>
            <failure>
                <message>no such alert
                  (Session info: chrome=106.0.5249.119)</message>
                <stack-trace>no such alert: no such alert
                  (Session info: chrome=106.0.5249.119)
                    at getErrorFromResponseBody (C:\Users\Rakshitha\Desktop\wD_RMB\node_modules\webdriver\build\utils.js:198:12)
                    at NodeJSRequest._request (C:\Users\Rakshitha\Desktop\wD_RMB\node_modules\webdriver\build\request\index.js:166:60)
                    at process.processTicksAndRejections (node:internal/process/task_queues:95:5)
                    at async Browser.wrapCommandFn (C:\Users\Rakshitha\Desktop\wD_RMB\node_modules\@wdio\utils\build\shim.js:137:29)
                    at async Context.&lt;anonymous> (C:\Users\Rakshitha\Desktop\wD_RMB\test\specs\CreditCustomerCopy.js:127:26)</stack-trace>
            </failure>
        </test-case>
    </test-cases>
</ns2:test-suite>