<?xml version='1.0'?>
<ns2:test-suite xmlns:ns2='urn:model.allure.qatools.yandex.ru' start='1666087897886' stop='1666087995158'>
    <name>open account and approve account</name>
    <title>open account and approve account</title>
    <test-cases>
        <test-case start='1666087900437' status='broken' stop='1666087939424'>
            <name>openAcc</name>
            <title>openAcc</title>
            <labels>
                <label name='language' value='javascript'/>
                <label name='framework' value='wdio'/>
                <label name='thread' value='0-0'/>
            </labels>
            <parameters>
                <parameter kind='argument' name='browser' value='chrome-106.0.5249.119'/>
                <parameter kind='argument' name='browserVersion' value='106.0.5249.119'/>
            </parameters>
            <steps/>
            <attachments>
                <attachment title='Execution video' source='6b3c2a1b-ca83-4ada-9c4e-f1473ccce201-attachment.mp4' type='video/mp4' size='123'/>
            </attachments>
            <failure>
                <message>Can't call setValue on element with selector "//input[@name='name']" because element wasn't found</message>
                <stack-trace>Error: Can't call setValue on element with selector "//input[@name='name']" because element wasn't found
                    at implicitWait (C:\Users\Rakshitha\Desktop\wD_RMB\node_modules\webdriverio\build\utils\implicitWait.js:34:19)
                    at async Element.elementErrorHandlerCallbackFn (C:\Users\Rakshitha\Desktop\wD_RMB\node_modules\webdriverio\build\middlewares.js:20:29)
                    at async Element.wrapCommandFn (C:\Users\Rakshitha\Desktop\wD_RMB\node_modules\@wdio\utils\build\shim.js:137:29)
                    at async Context.&lt;anonymous> (C:\Users\Rakshitha\Desktop\wD_RMB\test\specs\DeleteCustomerCopy.js:33:4)</stack-trace>
            </failure>
        </test-case>
        <test-case start='1666087939444' status='passed' stop='1666087962977'>
            <name>staff login</name>
            <title>staff login</title>
            <labels>
                <label name='language' value='javascript'/>
                <label name='framework' value='wdio'/>
                <label name='thread' value='0-0'/>
            </labels>
            <parameters>
                <parameter kind='argument' name='browser' value='chrome-106.0.5249.119'/>
                <parameter kind='argument' name='browserVersion' value='106.0.5249.119'/>
            </parameters>
            <steps/>
            <attachments/>
        </test-case>
        <test-case start='1666087963122' status='broken' stop='1666087982806'>
            <name>approve account</name>
            <title>approve account</title>
            <labels>
                <label name='language' value='javascript'/>
                <label name='framework' value='wdio'/>
                <label name='thread' value='0-0'/>
            </labels>
            <parameters>
                <parameter kind='argument' name='browser' value='chrome-106.0.5249.119'/>
                <parameter kind='argument' name='browserVersion' value='106.0.5249.119'/>
            </parameters>
            <steps/>
            <attachments>
                <attachment title='Execution video' source='56798a29-882f-49e9-8283-71382a0e55e4-attachment.mp4' type='video/mp4' size='131'/>
            </attachments>
            <failure>
                <message>no such alert
                  (Session info: chrome=106.0.5249.119)</message>
                <stack-trace>no such alert: no such alert
                  (Session info: chrome=106.0.5249.119)
                    at getErrorFromResponseBody (C:\Users\Rakshitha\Desktop\wD_RMB\node_modules\webdriver\build\utils.js:198:12)
                    at NodeJSRequest._request (C:\Users\Rakshitha\Desktop\wD_RMB\node_modules\webdriver\build\request\index.js:166:60)
                    at processTicksAndRejections (node:internal/process/task_queues:96:5)
                    at async Browser.wrapCommandFn (C:\Users\Rakshitha\Desktop\wD_RMB\node_modules\@wdio\utils\build\shim.js:137:29)
                    at async Context.&lt;anonymous> (C:\Users\Rakshitha\Desktop\wD_RMB\test\specs\DeleteCustomerCopy.js:94:22)</stack-trace>
            </failure>
        </test-case>
        <test-case start='1666087982893' status='broken' stop='1666087993390'>
            <name>delete customer</name>
            <title>delete customer</title>
            <labels>
                <label name='language' value='javascript'/>
                <label name='framework' value='wdio'/>
                <label name='thread' value='0-0'/>
            </labels>
            <parameters>
                <parameter kind='argument' name='browser' value='chrome-106.0.5249.119'/>
                <parameter kind='argument' name='browserVersion' value='106.0.5249.119'/>
            </parameters>
            <steps/>
            <attachments>
                <attachment title='Execution video' source='a7866447-b512-4a6a-8235-53bce7c6febc-attachment.mp4' type='video/mp4' size='131'/>
            </attachments>
            <failure>
                <message>Can't call click on element with selector "//input[@name='del_cust']" because element wasn't found</message>
                <stack-trace>Error: Can't call click on element with selector "//input[@name='del_cust']" because element wasn't found
                    at implicitWait (C:\Users\Rakshitha\Desktop\wD_RMB\node_modules\webdriverio\build\utils\implicitWait.js:34:19)
                    at async Element.elementErrorHandlerCallbackFn (C:\Users\Rakshitha\Desktop\wD_RMB\node_modules\webdriverio\build\middlewares.js:20:29)
                    at async Element.wrapCommandFn (C:\Users\Rakshitha\Desktop\wD_RMB\node_modules\@wdio\utils\build\shim.js:137:29)
                    at async Context.&lt;anonymous> (C:\Users\Rakshitha\Desktop\wD_RMB\test\specs\DeleteCustomerCopy.js:112:6)</stack-trace>
            </failure>
        </test-case>
    </test-cases>
</ns2:test-suite>