<?xml version='1.0'?>
<ns2:test-suite xmlns:ns2='urn:model.allure.qatools.yandex.ru' start='1666087105397' stop='1666087154326'>
    <name>open account and approve account</name>
    <title>open account and approve account</title>
    <test-cases>
        <test-case start='1666087107052' status='broken' stop='1666087127968'>
            <name>openAcc</name>
            <title>openAcc</title>
            <labels>
                <label name='language' value='javascript'/>
                <label name='framework' value='wdio'/>
                <label name='thread' value='0-0'/>
            </labels>
            <parameters>
                <parameter kind='argument' name='browser' value='chrome-106.0.5249.119'/>
                <parameter kind='argument' name='browserVersion' value='106.0.5249.119'/>
            </parameters>
            <steps/>
            <attachments>
                <attachment title='Execution video' source='a98ea3dc-8135-4716-919e-b266d75356a7-attachment.mp4' type='video/mp4' size='123'/>
            </attachments>
            <failure>
                <message>no such alert
                  (Session info: chrome=106.0.5249.119)</message>
                <stack-trace>no such alert: no such alert
                  (Session info: chrome=106.0.5249.119)
                    at getErrorFromResponseBody (C:\Users\Rakshitha\Desktop\wD_RMB\node_modules\webdriver\build\utils.js:198:12)
                    at NodeJSRequest._request (C:\Users\Rakshitha\Desktop\wD_RMB\node_modules\webdriver\build\request\index.js:166:60)
                    at processTicksAndRejections (node:internal/process/task_queues:96:5)
                    at async Browser.wrapCommandFn (C:\Users\Rakshitha\Desktop\wD_RMB\node_modules\@wdio\utils\build\shim.js:137:29)
                    at async Context.&lt;anonymous> (C:\Users\Rakshitha\Desktop\wD_RMB\test\specs\DeleteCustomerCopy.js:56:19)</stack-trace>
            </failure>
        </test-case>
        <test-case start='1666087128009' status='passed' stop='1666087132333'>
            <name>staff login</name>
            <title>staff login</title>
            <labels>
                <label name='language' value='javascript'/>
                <label name='framework' value='wdio'/>
                <label name='thread' value='0-0'/>
            </labels>
            <parameters>
                <parameter kind='argument' name='browser' value='chrome-106.0.5249.119'/>
                <parameter kind='argument' name='browserVersion' value='106.0.5249.119'/>
            </parameters>
            <steps/>
            <attachments/>
        </test-case>
        <test-case start='1666087132420' status='broken' stop='1666087143294'>
            <name>approve account</name>
            <title>approve account</title>
            <labels>
                <label name='language' value='javascript'/>
                <label name='framework' value='wdio'/>
                <label name='thread' value='0-0'/>
            </labels>
            <parameters>
                <parameter kind='argument' name='browser' value='chrome-106.0.5249.119'/>
                <parameter kind='argument' name='browserVersion' value='106.0.5249.119'/>
            </parameters>
            <steps/>
            <attachments>
                <attachment title='Execution video' source='50d7d206-101f-4355-a10a-6e51fbb03e54-attachment.mp4' type='video/mp4' size='131'/>
            </attachments>
            <failure>
                <message>no such alert
                  (Session info: chrome=106.0.5249.119)</message>
                <stack-trace>no such alert: no such alert
                  (Session info: chrome=106.0.5249.119)
                    at getErrorFromResponseBody (C:\Users\Rakshitha\Desktop\wD_RMB\node_modules\webdriver\build\utils.js:198:12)
                    at NodeJSRequest._request (C:\Users\Rakshitha\Desktop\wD_RMB\node_modules\webdriver\build\request\index.js:166:60)
                    at processTicksAndRejections (node:internal/process/task_queues:96:5)
                    at async Browser.wrapCommandFn (C:\Users\Rakshitha\Desktop\wD_RMB\node_modules\@wdio\utils\build\shim.js:137:29)
                    at async Context.&lt;anonymous> (C:\Users\Rakshitha\Desktop\wD_RMB\test\specs\DeleteCustomerCopy.js:105:5)</stack-trace>
            </failure>
        </test-case>
        <test-case start='1666087143313' status='broken' stop='1666087153741'>
            <name>delete customer</name>
            <title>delete customer</title>
            <labels>
                <label name='language' value='javascript'/>
                <label name='framework' value='wdio'/>
                <label name='thread' value='0-0'/>
            </labels>
            <parameters>
                <parameter kind='argument' name='browser' value='chrome-106.0.5249.119'/>
                <parameter kind='argument' name='browserVersion' value='106.0.5249.119'/>
            </parameters>
            <steps/>
            <attachments>
                <attachment title='Execution video' source='e9d4bad5-fff0-4cbe-aca2-0d4c36a1a7b3-attachment.mp4' type='video/mp4' size='131'/>
            </attachments>
            <failure>
                <message>Can't call click on element with selector "//input[@name='del_cust']" because element wasn't found</message>
                <stack-trace>Error: Can't call click on element with selector "//input[@name='del_cust']" because element wasn't found
                    at implicitWait (C:\Users\Rakshitha\Desktop\wD_RMB\node_modules\webdriverio\build\utils\implicitWait.js:34:19)
                    at async Element.elementErrorHandlerCallbackFn (C:\Users\Rakshitha\Desktop\wD_RMB\node_modules\webdriverio\build\middlewares.js:20:29)
                    at async Element.wrapCommandFn (C:\Users\Rakshitha\Desktop\wD_RMB\node_modules\@wdio\utils\build\shim.js:137:29)
                    at async Context.&lt;anonymous> (C:\Users\Rakshitha\Desktop\wD_RMB\test\specs\DeleteCustomerCopy.js:112:6)</stack-trace>
            </failure>
        </test-case>
    </test-cases>
</ns2:test-suite>