<?xml version='1.0'?>
<ns2:test-suite xmlns:ns2='urn:model.allure.qatools.yandex.ru' start='1666284810865' stop='1666284886999'>
    <name>open account and approve account</name>
    <title>open account and approve account</title>
    <test-cases>
        <test-case start='1666284810866' status='broken' stop='1666284834748'>
            <name>openAcc</name>
            <title>openAcc</title>
            <labels>
                <label name='language' value='javascript'/>
                <label name='framework' value='wdio'/>
                <label name='thread' value='0-1'/>
            </labels>
            <parameters>
                <parameter kind='argument' name='browser' value='chrome-106.0.5249.119'/>
            </parameters>
            <steps/>
            <attachments>
                <attachment title='Screenshot' source='e2bacb89-1d05-4add-b736-368f2536adbf-attachment.png' type='image/png' size='15137'/>
            </attachments>
            <failure>
                <message>unknown error: net::ERR_INTERNET_DISCONNECTED
                  (Session info: chrome=106.0.5249.119)</message>
                <stack-trace>unknown error: unknown error: net::ERR_INTERNET_DISCONNECTED
                  (Session info: chrome=106.0.5249.119)
                    at getErrorFromResponseBody (C:\Users\Rakshitha\Desktop\wD_RMB\node_modules\webdriver\build\utils.js:198:12)
                    at NodeJSRequest._request (C:\Users\Rakshitha\Desktop\wD_RMB\node_modules\webdriver\build\request\index.js:166:60)
                    at process.processTicksAndRejections (node:internal/process/task_queues:95:5)
                    at async Browser.wrapCommandFn (C:\Users\Rakshitha\Desktop\wD_RMB\node_modules\@wdio\utils\build\shim.js:137:29)
                    at async Browser.wrapCommandFn (C:\Users\Rakshitha\Desktop\wD_RMB\node_modules\@wdio\utils\build\shim.js:137:29)
                    at async Context.&lt;anonymous> (C:\Users\Rakshitha\Desktop\wD_RMB\test\specs\ApplyDebitCardCopy.js:25:3)</stack-trace>
            </failure>
        </test-case>
        <test-case start='1666284834749' status='broken' stop='1666284846055'>
            <name>staff login</name>
            <title>staff login</title>
            <labels>
                <label name='language' value='javascript'/>
                <label name='framework' value='wdio'/>
                <label name='thread' value='0-1'/>
            </labels>
            <parameters>
                <parameter kind='argument' name='browser' value='chrome-106.0.5249.119'/>
            </parameters>
            <steps/>
            <attachments>
                <attachment title='Screenshot' source='b724fc55-be7a-441d-aa09-c932802b46a6-attachment.png' type='image/png' size='15137'/>
            </attachments>
            <failure>
                <message>Can't call click on element with selector "//a[text()='Staff Login']" because element wasn't found</message>
                <stack-trace>Error: Can't call click on element with selector "//a[text()='Staff Login']" because element wasn't found
                    at implicitWait (C:\Users\Rakshitha\Desktop\wD_RMB\node_modules\webdriverio\build\utils\implicitWait.js:34:19)
                    at async Element.elementErrorHandlerCallbackFn (C:\Users\Rakshitha\Desktop\wD_RMB\node_modules\webdriverio\build\middlewares.js:20:29)
                    at async Element.wrapCommandFn (C:\Users\Rakshitha\Desktop\wD_RMB\node_modules\@wdio\utils\build\shim.js:137:29)
                    at async Context.&lt;anonymous> (C:\Users\Rakshitha\Desktop\wD_RMB\test\specs\ApplyDebitCardCopy.js:77:13)</stack-trace>
            </failure>
        </test-case>
        <test-case start='1666284846058' status='broken' stop='1666284856409'>
            <name>approve account</name>
            <title>approve account</title>
            <labels>
                <label name='language' value='javascript'/>
                <label name='framework' value='wdio'/>
                <label name='thread' value='0-1'/>
            </labels>
            <parameters>
                <parameter kind='argument' name='browser' value='chrome-106.0.5249.119'/>
            </parameters>
            <steps/>
            <attachments>
                <attachment title='Screenshot' source='954fde7f-084c-4f5c-b575-3adaa9ed63e9-attachment.png' type='image/png' size='15137'/>
            </attachments>
            <failure>
                <message>Can't call click on element with selector "[name='apprvac']" because element wasn't found</message>
                <stack-trace>Error: Can't call click on element with selector "[name='apprvac']" because element wasn't found
                    at implicitWait (C:\Users\Rakshitha\Desktop\wD_RMB\node_modules\webdriverio\build\utils\implicitWait.js:34:19)
                    at async Element.elementErrorHandlerCallbackFn (C:\Users\Rakshitha\Desktop\wD_RMB\node_modules\webdriverio\build\middlewares.js:20:29)
                    at async Element.wrapCommandFn (C:\Users\Rakshitha\Desktop\wD_RMB\node_modules\@wdio\utils\build\shim.js:137:29)
                    at async Context.&lt;anonymous> (C:\Users\Rakshitha\Desktop\wD_RMB\test\specs\ApplyDebitCardCopy.js:90:7)</stack-trace>
            </failure>
        </test-case>
        <test-case start='1666284856410' status='broken' stop='1666284866632'>
            <name>apply debit card</name>
            <title>apply debit card</title>
            <labels>
                <label name='language' value='javascript'/>
                <label name='framework' value='wdio'/>
                <label name='thread' value='0-1'/>
            </labels>
            <parameters>
                <parameter kind='argument' name='browser' value='chrome-106.0.5249.119'/>
            </parameters>
            <steps/>
            <attachments>
                <attachment title='Screenshot' source='80a980e2-75ee-4f89-8ccd-c9f869962742-attachment.png' type='image/png' size='15137'/>
            </attachments>
            <failure>
                <message>Can't call click on element with selector "//li[text()='Apply Debit Card']" because element wasn't found</message>
                <stack-trace>Error: Can't call click on element with selector "//li[text()='Apply Debit Card']" because element wasn't found
                    at implicitWait (C:\Users\Rakshitha\Desktop\wD_RMB\node_modules\webdriverio\build\utils\implicitWait.js:34:19)
                    at async Element.elementErrorHandlerCallbackFn (C:\Users\Rakshitha\Desktop\wD_RMB\node_modules\webdriverio\build\middlewares.js:20:29)
                    at async Element.wrapCommandFn (C:\Users\Rakshitha\Desktop\wD_RMB\node_modules\@wdio\utils\build\shim.js:137:29)
                    at async Context.&lt;anonymous> (C:\Users\Rakshitha\Desktop\wD_RMB\test\specs\ApplyDebitCardCopy.js:118:4)</stack-trace>
            </failure>
        </test-case>
        <test-case start='1666284866633' status='broken' stop='1666284876836'>
            <name>staff login</name>
            <title>staff login</title>
            <labels>
                <label name='language' value='javascript'/>
                <label name='framework' value='wdio'/>
                <label name='thread' value='0-1'/>
            </labels>
            <parameters>
                <parameter kind='argument' name='browser' value='chrome-106.0.5249.119'/>
            </parameters>
            <steps/>
            <attachments>
                <attachment title='Screenshot' source='30a02692-78d7-41ca-aede-a9a25e1f3a36-attachment.png' type='image/png' size='15137'/>
            </attachments>
            <failure>
                <message>Can't call click on element with selector "//a[text()='Staff Login']" because element wasn't found</message>
                <stack-trace>Error: Can't call click on element with selector "//a[text()='Staff Login']" because element wasn't found
                    at implicitWait (C:\Users\Rakshitha\Desktop\wD_RMB\node_modules\webdriverio\build\utils\implicitWait.js:34:19)
                    at async Element.elementErrorHandlerCallbackFn (C:\Users\Rakshitha\Desktop\wD_RMB\node_modules\webdriverio\build\middlewares.js:20:29)
                    at async Element.wrapCommandFn (C:\Users\Rakshitha\Desktop\wD_RMB\node_modules\@wdio\utils\build\shim.js:137:29)
                    at async Context.&lt;anonymous> (C:\Users\Rakshitha\Desktop\wD_RMB\test\specs\ApplyDebitCardCopy.js:161:9)</stack-trace>
            </failure>
        </test-case>
        <test-case start='1666284876837' status='broken' stop='1666284886998'>
            <name>validation</name>
            <title>validation</title>
            <labels>
                <label name='language' value='javascript'/>
                <label name='framework' value='wdio'/>
                <label name='thread' value='0-1'/>
            </labels>
            <parameters>
                <parameter kind='argument' name='browser' value='chrome-106.0.5249.119'/>
            </parameters>
            <steps/>
            <attachments>
                <attachment title='Screenshot' source='5cc322f8-85e5-4c5c-aeff-682b0cc07163-attachment.png' type='image/png' size='15137'/>
            </attachments>
            <failure>
                <message>Can't call click on element with selector "//input[@name='viewdet']" because element wasn't found</message>
                <stack-trace>Error: Can't call click on element with selector "//input[@name='viewdet']" because element wasn't found
                    at implicitWait (C:\Users\Rakshitha\Desktop\wD_RMB\node_modules\webdriverio\build\utils\implicitWait.js:34:19)
                    at async Element.elementErrorHandlerCallbackFn (C:\Users\Rakshitha\Desktop\wD_RMB\node_modules\webdriverio\build\middlewares.js:20:29)
                    at async Element.wrapCommandFn (C:\Users\Rakshitha\Desktop\wD_RMB\node_modules\@wdio\utils\build\shim.js:137:29)
                    at async Context.&lt;anonymous> (C:\Users\Rakshitha\Desktop\wD_RMB\test\specs\ApplyDebitCardCopy.js:172:7)</stack-trace>
            </failure>
        </test-case>
    </test-cases>
</ns2:test-suite>