<?xml version='1.0'?>
<ns2:test-suite xmlns:ns2='urn:model.allure.qatools.yandex.ru' start='1666170646599' stop='1666170684913'>
    <name>open account and approve account</name>
    <title>open account and approve account</title>
    <test-cases>
        <test-case start='1666170646599' status='passed' stop='1666170663430'>
            <name>openAcc</name>
            <title>openAcc</title>
            <labels>
                <label name='language' value='javascript'/>
                <label name='framework' value='wdio'/>
                <label name='thread' value='0-0'/>
            </labels>
            <parameters>
                <parameter kind='argument' name='browser' value='chrome-106.0.5249.119'/>
            </parameters>
            <steps/>
            <attachments/>
        </test-case>
        <test-case start='1666170663430' status='failed' stop='1666170674067'>
            <name>staff login</name>
            <title>staff login</title>
            <labels>
                <label name='language' value='javascript'/>
                <label name='framework' value='wdio'/>
                <label name='thread' value='0-0'/>
            </labels>
            <parameters>
                <parameter kind='argument' name='browser' value='chrome-106.0.5249.119'/>
            </parameters>
            <steps/>
            <attachments>
                <attachment title='Screenshot' source='5ae52878-e332-4085-a111-7a52a646cfb5-attachment.png' type='image/png' size='520239'/>
            </attachments>
            <failure>
                <message>Expect window to have title
                
                Expected: "Staff Page"
                Received: "Online Banking System"</message>
                <stack-trace>Error: Expect window to have title
                
                Expected: "Staff Page"
                Received: "Online Banking System"
                    at Context.&lt;anonymous> (C:\Users\Rakshitha\Desktop\wD_RMB\test\specs\OpenAccountcopy.js:76:36)
                    at Context.executeAsync (C:\Users\Rakshitha\Desktop\wD_RMB\node_modules\@wdio\utils\build\shim.js:333:27)
                    at Context.testFrameworkFnWrapper (C:\Users\Rakshitha\Desktop\wD_RMB\node_modules\@wdio\utils\build\test-framework\testFnWrapper.js:51:32)</stack-trace>
            </failure>
        </test-case>
        <test-case start='1666170674075' status='broken' stop='1666170684911'>
            <name>approve account</name>
            <title>approve account</title>
            <labels>
                <label name='language' value='javascript'/>
                <label name='framework' value='wdio'/>
                <label name='thread' value='0-0'/>
            </labels>
            <parameters>
                <parameter kind='argument' name='browser' value='chrome-106.0.5249.119'/>
            </parameters>
            <steps/>
            <attachments>
                <attachment title='Screenshot' source='0949c794-dfda-45c0-9c11-720fce6a72f0-attachment.png' type='image/png' size='520574'/>
            </attachments>
            <failure>
                <message>Can't call click on element with selector "[name='apprvac']" because element wasn't found</message>
                <stack-trace>Error: Can't call click on element with selector "[name='apprvac']" because element wasn't found
                    at implicitWait (C:\Users\Rakshitha\Desktop\wD_RMB\node_modules\webdriverio\build\utils\implicitWait.js:34:19)
                    at async Element.elementErrorHandlerCallbackFn (C:\Users\Rakshitha\Desktop\wD_RMB\node_modules\webdriverio\build\middlewares.js:20:29)
                    at async Element.wrapCommandFn (C:\Users\Rakshitha\Desktop\wD_RMB\node_modules\@wdio\utils\build\shim.js:137:29)
                    at async Context.&lt;anonymous> (C:\Users\Rakshitha\Desktop\wD_RMB\test\specs\OpenAccountcopy.js:90:7)</stack-trace>
            </failure>
        </test-case>
    </test-cases>
</ns2:test-suite>