<?xml version='1.0'?>
<ns2:test-suite xmlns:ns2='urn:model.allure.qatools.yandex.ru' start='1666163603398' stop='1666163624344'>
    <name>open account and approve account</name>
    <title>open account and approve account</title>
    <test-cases>
        <test-case start='1666163603398' status='failed' stop='1666163615745'>
            <name>openAcc</name>
            <title>openAcc</title>
            <labels>
                <label name='language' value='javascript'/>
                <label name='framework' value='wdio'/>
                <label name='thread' value='0-0'/>
            </labels>
            <parameters>
                <parameter kind='argument' name='browser' value='chrome-106.0.5249.119'/>
            </parameters>
            <steps/>
            <attachments>
                <attachment title='Screenshot' source='cd06052d-b5f5-46f3-b0db-349fdcff195a-attachment.png' type='image/png' size='513704'/>
            </attachments>
            <failure>
                <message>expect(received).toContain(expected) // indexOf
                
                Expected substring: "Account Created Successfully"
                Received string:    "Application submitted successfully·
                Application number : 387046027·
                Please visit bank with application number for account approval·
                Hint: From staff login, approve application"</message>
                <stack-trace>Error: expect(received).toContain(expected) // indexOf
                
                Expected substring: "Account Created Successfully"
                Received string:    "Application submitted successfully·
                Application number : 387046027·
                Please visit bank with application number for account approval·
                Hint: From staff login, approve application"
                    at Context.&lt;anonymous> (C:\Users\Rakshitha\Desktop\wD_RMB\test\specs\DeleteCustomerCopy.js:59:28)</stack-trace>
            </failure>
        </test-case>
        <test-case start='1666163615746' status='passed' stop='1666163616697'>
            <name>staff login</name>
            <title>staff login</title>
            <labels>
                <label name='language' value='javascript'/>
                <label name='framework' value='wdio'/>
                <label name='thread' value='0-0'/>
            </labels>
            <parameters>
                <parameter kind='argument' name='browser' value='chrome-106.0.5249.119'/>
            </parameters>
            <steps/>
            <attachments/>
        </test-case>
        <test-case start='1666163616698' status='passed' stop='1666163623210'>
            <name>approve account</name>
            <title>approve account</title>
            <labels>
                <label name='language' value='javascript'/>
                <label name='framework' value='wdio'/>
                <label name='thread' value='0-0'/>
            </labels>
            <parameters>
                <parameter kind='argument' name='browser' value='chrome-106.0.5249.119'/>
            </parameters>
            <steps/>
            <attachments/>
        </test-case>
        <test-case start='1666163623211' status='broken' stop='1666163624338'>
            <name>delete customer</name>
            <title>delete customer</title>
            <labels>
                <label name='language' value='javascript'/>
                <label name='framework' value='wdio'/>
                <label name='thread' value='0-0'/>
            </labels>
            <parameters>
                <parameter kind='argument' name='browser' value='chrome-106.0.5249.119'/>
            </parameters>
            <steps/>
            <attachments>
                <attachment title='Screenshot' source='6d0a60f8-2601-4b01-8618-bedb9333760d-attachment.png' type='image/png' size='54692'/>
            </attachments>
            <failure>
                <message>no such alert
                  (Session info: chrome=106.0.5249.119)</message>
                <stack-trace>no such alert: no such alert
                  (Session info: chrome=106.0.5249.119)
                    at getErrorFromResponseBody (C:\Users\Rakshitha\Desktop\wD_RMB\node_modules\webdriver\build\utils.js:198:12)
                    at NodeJSRequest._request (C:\Users\Rakshitha\Desktop\wD_RMB\node_modules\webdriver\build\request\index.js:166:60)
                    at processTicksAndRejections (node:internal/process/task_queues:96:5)
                    at async Browser.wrapCommandFn (C:\Users\Rakshitha\Desktop\wD_RMB\node_modules\@wdio\utils\build\shim.js:137:29)
                    at async Context.&lt;anonymous> (C:\Users\Rakshitha\Desktop\wD_RMB\test\specs\DeleteCustomerCopy.js:129:26)</stack-trace>
            </failure>
        </test-case>
    </test-cases>
</ns2:test-suite>