<?xml version='1.0'?>
<ns2:test-suite xmlns:ns2='urn:model.allure.qatools.yandex.ru' start='1666284810866' stop='1666284866493'>
    <name>open account and approve account</name>
    <title>open account and approve account</title>
    <test-cases>
        <test-case start='1666284810867' status='broken' stop='1666284834740'>
            <name>openAcc</name>
            <title>openAcc</title>
            <labels>
                <label name='language' value='javascript'/>
                <label name='framework' value='wdio'/>
                <label name='thread' value='0-2'/>
            </labels>
            <parameters>
                <parameter kind='argument' name='browser' value='chrome-106.0.5249.119'/>
            </parameters>
            <steps/>
            <attachments>
                <attachment title='Screenshot' source='4d5f748b-38bd-4b46-9845-65cb8b9dc3b1-attachment.png' type='image/png' size='15137'/>
            </attachments>
            <failure>
                <message>unknown error: net::ERR_INTERNET_DISCONNECTED
                  (Session info: chrome=106.0.5249.119)</message>
                <stack-trace>unknown error: unknown error: net::ERR_INTERNET_DISCONNECTED
                  (Session info: chrome=106.0.5249.119)
                    at getErrorFromResponseBody (C:\Users\Rakshitha\Desktop\wD_RMB\node_modules\webdriver\build\utils.js:198:12)
                    at NodeJSRequest._request (C:\Users\Rakshitha\Desktop\wD_RMB\node_modules\webdriver\build\request\index.js:166:60)
                    at process.processTicksAndRejections (node:internal/process/task_queues:95:5)
                    at async Browser.wrapCommandFn (C:\Users\Rakshitha\Desktop\wD_RMB\node_modules\@wdio\utils\build\shim.js:137:29)
                    at async Browser.wrapCommandFn (C:\Users\Rakshitha\Desktop\wD_RMB\node_modules\@wdio\utils\build\shim.js:137:29)
                    at async Context.&lt;anonymous> (C:\Users\Rakshitha\Desktop\wD_RMB\test\specs\CreditCustomerCopy.js:23:5)</stack-trace>
            </failure>
        </test-case>
        <test-case start='1666284834740' status='broken' stop='1666284845972'>
            <name>staff login</name>
            <title>staff login</title>
            <labels>
                <label name='language' value='javascript'/>
                <label name='framework' value='wdio'/>
                <label name='thread' value='0-2'/>
            </labels>
            <parameters>
                <parameter kind='argument' name='browser' value='chrome-106.0.5249.119'/>
            </parameters>
            <steps/>
            <attachments>
                <attachment title='Screenshot' source='483cc272-e618-4574-b657-34f65c140438-attachment.png' type='image/png' size='15137'/>
            </attachments>
            <failure>
                <message>Can't call click on element with selector "//a[text()='Staff Login']" because element wasn't found</message>
                <stack-trace>Error: Can't call click on element with selector "//a[text()='Staff Login']" because element wasn't found
                    at implicitWait (C:\Users\Rakshitha\Desktop\wD_RMB\node_modules\webdriverio\build\utils\implicitWait.js:34:19)
                    at async Element.elementErrorHandlerCallbackFn (C:\Users\Rakshitha\Desktop\wD_RMB\node_modules\webdriverio\build\middlewares.js:20:29)
                    at async Element.wrapCommandFn (C:\Users\Rakshitha\Desktop\wD_RMB\node_modules\@wdio\utils\build\shim.js:137:29)
                    at async Context.&lt;anonymous> (C:\Users\Rakshitha\Desktop\wD_RMB\test\specs\CreditCustomerCopy.js:76:13)</stack-trace>
            </failure>
        </test-case>
        <test-case start='1666284845975' status='broken' stop='1666284856288'>
            <name>approve account</name>
            <title>approve account</title>
            <labels>
                <label name='language' value='javascript'/>
                <label name='framework' value='wdio'/>
                <label name='thread' value='0-2'/>
            </labels>
            <parameters>
                <parameter kind='argument' name='browser' value='chrome-106.0.5249.119'/>
            </parameters>
            <steps/>
            <attachments>
                <attachment title='Screenshot' source='8e03785e-aea8-49cf-be64-7aa8aeeac7b0-attachment.png' type='image/png' size='15137'/>
            </attachments>
            <failure>
                <message>Can't call click on element with selector "[name='apprvac']" because element wasn't found</message>
                <stack-trace>Error: Can't call click on element with selector "[name='apprvac']" because element wasn't found
                    at implicitWait (C:\Users\Rakshitha\Desktop\wD_RMB\node_modules\webdriverio\build\utils\implicitWait.js:34:19)
                    at async Element.elementErrorHandlerCallbackFn (C:\Users\Rakshitha\Desktop\wD_RMB\node_modules\webdriverio\build\middlewares.js:20:29)
                    at async Element.wrapCommandFn (C:\Users\Rakshitha\Desktop\wD_RMB\node_modules\@wdio\utils\build\shim.js:137:29)
                    at async Context.&lt;anonymous> (C:\Users\Rakshitha\Desktop\wD_RMB\test\specs\CreditCustomerCopy.js:88:7)</stack-trace>
            </failure>
        </test-case>
        <test-case start='1666284856289' status='broken' stop='1666284866489'>
            <name>issue credit</name>
            <title>issue credit</title>
            <labels>
                <label name='language' value='javascript'/>
                <label name='framework' value='wdio'/>
                <label name='thread' value='0-2'/>
            </labels>
            <parameters>
                <parameter kind='argument' name='browser' value='chrome-106.0.5249.119'/>
            </parameters>
            <steps/>
            <attachments>
                <attachment title='Screenshot' source='c52ebff3-c132-46c3-8c71-19a58b222a55-attachment.png' type='image/png' size='15137'/>
            </attachments>
            <failure>
                <message>Can't call click on element with selector "//input[@name='credit_cust_ac']" because element wasn't found</message>
                <stack-trace>Error: Can't call click on element with selector "//input[@name='credit_cust_ac']" because element wasn't found
                    at implicitWait (C:\Users\Rakshitha\Desktop\wD_RMB\node_modules\webdriverio\build\utils\implicitWait.js:34:19)
                    at async Element.elementErrorHandlerCallbackFn (C:\Users\Rakshitha\Desktop\wD_RMB\node_modules\webdriverio\build\middlewares.js:20:29)
                    at async Element.wrapCommandFn (C:\Users\Rakshitha\Desktop\wD_RMB\node_modules\@wdio\utils\build\shim.js:137:29)
                    at async Context.&lt;anonymous> (C:\Users\Rakshitha\Desktop\wD_RMB\test\specs\CreditCustomerCopy.js:116:9)</stack-trace>
            </failure>
        </test-case>
    </test-cases>
</ns2:test-suite>