<?xml version='1.0'?>
<ns2:test-suite xmlns:ns2='urn:model.allure.qatools.yandex.ru' start='1666269340270' stop='1666269357266'>
    <name>open account and approve account</name>
    <title>open account and approve account</title>
    <test-cases>
        <test-case start='1666269340271' status='passed' stop='1666269344931'>
            <name>openAcc</name>
            <title>openAcc</title>
            <labels>
                <label name='language' value='javascript'/>
                <label name='framework' value='wdio'/>
                <label name='thread' value='0-0'/>
            </labels>
            <parameters>
                <parameter kind='argument' name='browser' value='chrome-106.0.5249.119'/>
            </parameters>
            <steps/>
            <attachments/>
        </test-case>
        <test-case start='1666269344932' status='passed' stop='1666269346033'>
            <name>staff login</name>
            <title>staff login</title>
            <labels>
                <label name='language' value='javascript'/>
                <label name='framework' value='wdio'/>
                <label name='thread' value='0-0'/>
            </labels>
            <parameters>
                <parameter kind='argument' name='browser' value='chrome-106.0.5249.119'/>
            </parameters>
            <steps/>
            <attachments/>
        </test-case>
        <test-case start='1666269346034' status='broken' stop='1666269347071'>
            <name>approve account</name>
            <title>approve account</title>
            <labels>
                <label name='language' value='javascript'/>
                <label name='framework' value='wdio'/>
                <label name='thread' value='0-0'/>
            </labels>
            <parameters>
                <parameter kind='argument' name='browser' value='chrome-106.0.5249.119'/>
            </parameters>
            <steps/>
            <attachments>
                <attachment title='Screenshot' source='11afdad7-4deb-4b32-8b0b-bfa4bd8e5b1f-attachment.png' type='image/png' size='60796'/>
            </attachments>
            <failure>
                <message>no such alert
                  (Session info: chrome=106.0.5249.119)</message>
                <stack-trace>no such alert: no such alert
                  (Session info: chrome=106.0.5249.119)
                    at getErrorFromResponseBody (C:\Users\Rakshitha\Desktop\wD_RMB\node_modules\webdriver\build\utils.js:198:12)
                    at NodeJSRequest._request (C:\Users\Rakshitha\Desktop\wD_RMB\node_modules\webdriver\build\request\index.js:166:60)
                    at process.processTicksAndRejections (node:internal/process/task_queues:95:5)
                    at async Browser.wrapCommandFn (C:\Users\Rakshitha\Desktop\wD_RMB\node_modules\@wdio\utils\build\shim.js:137:29)
                    at async Context.&lt;anonymous> (C:\Users\Rakshitha\Desktop\wD_RMB\test\specs\CreditCustomerCopy.js:93:22)</stack-trace>
            </failure>
        </test-case>
        <test-case start='1666269347071' status='broken' stop='1666269357265'>
            <name>issue credit</name>
            <title>issue credit</title>
            <labels>
                <label name='language' value='javascript'/>
                <label name='framework' value='wdio'/>
                <label name='thread' value='0-0'/>
            </labels>
            <parameters>
                <parameter kind='argument' name='browser' value='chrome-106.0.5249.119'/>
            </parameters>
            <steps/>
            <attachments>
                <attachment title='Screenshot' source='08eed64b-b63e-47f5-9839-001389cb7a9a-attachment.png' type='image/png' size='60796'/>
            </attachments>
            <failure>
                <message>Can't call click on element with selector "//input[@name='credit_cust_ac']" because element wasn't found</message>
                <stack-trace>Error: Can't call click on element with selector "//input[@name='credit_cust_ac']" because element wasn't found
                    at implicitWait (C:\Users\Rakshitha\Desktop\wD_RMB\node_modules\webdriverio\build\utils\implicitWait.js:34:19)
                    at async Element.elementErrorHandlerCallbackFn (C:\Users\Rakshitha\Desktop\wD_RMB\node_modules\webdriverio\build\middlewares.js:20:29)
                    at async Element.wrapCommandFn (C:\Users\Rakshitha\Desktop\wD_RMB\node_modules\@wdio\utils\build\shim.js:137:29)
                    at async Context.&lt;anonymous> (C:\Users\Rakshitha\Desktop\wD_RMB\test\specs\CreditCustomerCopy.js:116:9)</stack-trace>
            </failure>
        </test-case>
    </test-cases>
</ns2:test-suite>